<?xml version="1.0" encoding="UTF-8"?>
<Site BuildName="Linux-g++-9"
	BuildStamp="20200928-1609-Experimental"
	Name="emperoryp-HP-Laptop-15g-br0xx"
	Generator="ctest-3.16.3"
	CompilerName="/bin/g++-9"
	CompilerVersion="9.3.0"
	OSName="Linux"
	Hostname="emperoryp-HP-Laptop-15g-br0xx"
	OSRelease="5.4.0-48-generic"
	OSVersion="#52-Ubuntu SMP Thu Sep 10 10:58:49 UTC 2020"
	OSPlatform="x86_64"
	Is64Bits="1"
	VendorString="GenuineIntel"
	VendorID="Intel Corporation"
	FamilyID="6"
	ModelID="142"
	ProcessorCacheSize="3072"
	NumberOfLogicalCPU="4"
	NumberOfPhysicalCPU="2"
	TotalVirtualMemory="2047"
	TotalPhysicalMemory="7878"
	LogicalProcessorsPerPhysical="2"
	ProcessorClockFrequency="3100.01"
	>
	<Testing>
		<StartDateTime>Sep 28 21:39 IST</StartDateTime>
		<StartTestTime>1601309360</StartTestTime>
		<TestList/>
		<EndDateTime>Sep 28 21:39 IST</EndDateTime>
		<EndTestTime>1601309360</EndTestTime>
		<ElapsedMinutes>0</ElapsedMinutes>
	</Testing>
</Site>
